<?xml version="1.0" encoding="UTF-8"?>
<!-- Generated by org.testng.reporters.JUnitXMLReporter -->
<testsuite ignored="0" hostname="DESKTOP-4Q42VIP" failures="0" tests="4" name="Default test" time="0.785" errors="0" timestamp="2020-01-12T20:18:37 IST">
  <testcase classname="global.coda.hms.dao.test.PatientDaoTest" name="readAllPatient" time="0.612"/>
  <testcase classname="global.coda.hms.dao.test.PatientDaoTest" name="readPatientById" time="0.046"/>
  <testcase classname="global.coda.hms.dao.test.DoctorDaoTest" name="readAllDoctor" time="0.045"/>
  <testcase classname="global.coda.hms.dao.test.DoctorDaoTest" name="readDoctorById" time="0.027"/>
</testsuite> <!-- Default test -->
