<?xml version="1.0" encoding="UTF-8"?>
<testng-results ignored="0" total="4" passed="4" failed="0" skipped="0">
  <reporter-output>
  </reporter-output>
  <suite started-at="2020-01-12T20:18:36 IST" name="Default suite" finished-at="2020-01-12T20:18:37 IST" duration-ms="785">
    <groups>
    </groups>
    <test started-at="2020-01-12T20:18:36 IST" name="Default test" finished-at="2020-01-12T20:18:37 IST" duration-ms="785">
      <class name="global.coda.hms.dao.test.PatientDaoTest">
        <test-method signature="readAllPatient()[pri:0, instance:global.coda.hms.dao.test.PatientDaoTest@48c76607]" started-at="2020-01-12T20:18:36 IST" name="readAllPatient" finished-at="2020-01-12T20:18:37 IST" duration-ms="612" status="PASS">
          <reporter-output>
          </reporter-output>
        </test-method> <!-- readAllPatient -->
        <test-method signature="readPatientById()[pri:0, instance:global.coda.hms.dao.test.PatientDaoTest@48c76607]" started-at="2020-01-12T20:18:37 IST" name="readPatientById" finished-at="2020-01-12T20:18:37 IST" duration-ms="46" status="PASS">
          <reporter-output>
          </reporter-output>
        </test-method> <!-- readPatientById -->
      </class> <!-- global.coda.hms.dao.test.PatientDaoTest -->
      <class name="global.coda.hms.dao.test.DoctorDaoTest">
        <test-method signature="readAllDoctor()[pri:0, instance:global.coda.hms.dao.test.DoctorDaoTest@43599640]" started-at="2020-01-12T20:18:37 IST" name="readAllDoctor" finished-at="2020-01-12T20:18:37 IST" duration-ms="45" status="PASS">
          <reporter-output>
          </reporter-output>
        </test-method> <!-- readAllDoctor -->
        <test-method signature="readDoctorById()[pri:0, instance:global.coda.hms.dao.test.DoctorDaoTest@43599640]" started-at="2020-01-12T20:18:37 IST" name="readDoctorById" finished-at="2020-01-12T20:18:37 IST" duration-ms="27" status="PASS">
          <reporter-output>
          </reporter-output>
        </test-method> <!-- readDoctorById -->
      </class> <!-- global.coda.hms.dao.test.DoctorDaoTest -->
    </test> <!-- Default test -->
  </suite> <!-- Default suite -->
</testng-results>
